<?xml version="1.0" encoding="UTF-8"?>
<testng-results ignored="0" total="1" passed="1" failed="0" skipped="0">
  <reporter-output>
  </reporter-output>
  <suite started-at="2025-10-03T14:48:58 IST" name="Default suite" finished-at="2025-10-03T14:49:02 IST" duration-ms="4881">
    <groups>
    </groups>
    <test started-at="2025-10-03T14:48:58 IST" name="Default test" finished-at="2025-10-03T14:49:02 IST" duration-ms="4881">
      <class name="com.demo.RegistrationFormTest">
        <test-method is-config="true" signature="setUp()[pri:0, instance:com.demo.RegistrationFormTest@1e800aaa]" started-at="2025-10-03T14:48:58 IST" name="setUp" finished-at="2025-10-03T14:48:59 IST" duration-ms="1518" status="PASS">
          <reporter-output>
          </reporter-output>
        </test-method> <!-- setUp -->
        <test-method signature="fillFormUsingExcelData()[pri:0, instance:com.demo.RegistrationFormTest@1e800aaa]" started-at="2025-10-03T14:48:59 IST" name="fillFormUsingExcelData" finished-at="2025-10-03T14:49:02 IST" duration-ms="3330" status="PASS">
          <reporter-output>
          </reporter-output>
        </test-method> <!-- fillFormUsingExcelData -->
      </class> <!-- com.demo.RegistrationFormTest -->
    </test> <!-- Default test -->
  </suite> <!-- Default suite -->
</testng-results>
